<?xml version="1.0" encoding="UTF-8"?>
<!-- Generated by org.testng.reporters.JUnitXMLReporter -->
<testsuite ignored="0" hostname="Asads-MacBook-Air.local" failures="0" tests="5" name="Test" time="33.089" errors="0" timestamp="2023-01-08T17:33:04 CST">
  <testcase classname="Testing.Mobile.TestingWithInvalidInput" name="invalidpasswordinput" time="2.708"/>
  <testcase classname="Testing.Mobile.TestingWithInvalidInput" name="invalidusernameinput" time="1.836"/>
  <testcase classname="Testing.Mobile.TestingWithInvalidInput" name="invaliusernamepasswordinput" time="1.922"/>
  <testcase classname="Testing.Mobile.validInputsandCheckout" name="addTocart" time="14.636"/>
  <testcase classname="Testing.Mobile.validInputsandCheckout" name="orderconfirmation" time="1.015"/>
</testsuite> <!-- Test -->
